2019-11-18 13:49:46,478 bot:24 [INFO] Bot initialized. TOKEN: 995484236:AAFAPGbrd8TPfaqKwHWXyOPVr6kuen6b3Ao
2019-11-18 13:49:46,825 bot:28 [INFO] Bot started
2019-11-18 13:49:57,199 bot:36 [INFO] Bot stopped
2019-11-18 14:01:10,006 bot:24 [INFO] Bot initialized. TOKEN: 995484236:AAFAPGbrd8TPfaqKwHWXyOPVr6kuen6b3Ao
2019-11-18 14:01:10,283 bot:28 [INFO] Bot started
2019-11-18 14:01:20,581 bot:36 [INFO] Bot stopped
2019-11-18 14:01:46,612 bot:24 [INFO] Bot initialized. TOKEN: 995484236:AAFAPGbrd8TPfaqKwHWXyOPVr6kuen6b3Ao
2019-11-18 14:01:46,852 bot:28 [INFO] Bot started
2019-11-18 14:02:07,255 bot:36 [INFO] Bot stopped
2019-11-18 14:02:22,940 bot:24 [INFO] Bot initialized. TOKEN: 995484236:AAFAPGbrd8TPfaqKwHWXyOPVr6kuen6b3Ao
2019-11-18 14:02:23,236 bot:28 [INFO] Bot started
2019-11-18 14:05:46,488 bot:36 [INFO] Bot stopped
2019-11-18 14:06:18,765 bot:30 [INFO] Bot initialized. TOKEN: 995484236:AAFAPGbrd8TPfaqKwHWXyOPVr6kuen6b3Ao
2019-11-18 14:06:19,062 bot:34 [INFO] Bot started
2019-11-18 14:06:46,507 bot:30 [INFO] Bot initialized. TOKEN: 995484236:AAFAPGbrd8TPfaqKwHWXyOPVr6kuen6b3Ao
2019-11-18 14:06:46,821 bot:34 [INFO] Bot started
2019-11-18 14:07:24,599 bot:30 [INFO] Bot initialized. TOKEN: 995484236:AAFAPGbrd8TPfaqKwHWXyOPVr6kuen6b3Ao
2019-11-18 14:07:24,826 bot:34 [INFO] Bot started
2019-11-18 14:08:34,053 bot:28 [INFO] Bot initialized. TOKEN: 995484236:AAFAPGbrd8TPfaqKwHWXyOPVr6kuen6b3Ao
2019-11-18 14:08:34,390 bot:32 [INFO] Bot started
2019-11-18 14:09:31,615 bot:28 [INFO] Bot initialized. TOKEN: 995484236:AAFAPGbrd8TPfaqKwHWXyOPVr6kuen6b3Ao
2019-11-18 14:09:31,850 bot:32 [INFO] Bot started
2019-11-18 14:18:19,510 bot:28 [INFO] Bot initialized. TOKEN: 995484236:AAFAPGbrd8TPfaqKwHWXyOPVr6kuen6b3Ao
2019-11-18 14:18:19,739 bot:32 [INFO] Bot started
2019-11-18 14:18:59,301 bot:47 [INFO] Bot stopped
2019-11-18 14:19:06,594 bot:28 [INFO] Bot initialized. TOKEN: 995484236:AAFAPGbrd8TPfaqKwHWXyOPVr6kuen6b3Ao
2019-11-18 14:19:06,897 bot:32 [INFO] Bot started
2019-11-18 14:20:04,266 bot:47 [INFO] Bot stopped
2019-11-18 14:20:05,957 bot:28 [INFO] Bot initialized. TOKEN: 995484236:AAFAPGbrd8TPfaqKwHWXyOPVr6kuen6b3Ao
2019-11-18 14:20:06,204 bot:32 [INFO] Bot started
2019-11-18 14:20:35,531 bot:49 [INFO] Bot stopped
2019-11-18 14:20:54,028 bot:28 [INFO] Bot initialized. TOKEN: 995484236:AAFAPGbrd8TPfaqKwHWXyOPVr6kuen6b3Ao
2019-11-18 14:20:54,340 bot:32 [INFO] Bot started
2019-11-18 14:21:30,461 bot:48 [INFO] Bot stopped
2019-11-18 14:24:42,465 bot:28 [INFO] Bot initialized. TOKEN: 995484236:AAFAPGbrd8TPfaqKwHWXyOPVr6kuen6b3Ao
2019-11-18 14:24:42,784 bot:32 [INFO] Bot started
2019-11-18 14:25:41,318 bot:50 [INFO] Bot stopped
2019-11-18 14:25:42,675 bot:28 [INFO] Bot initialized. TOKEN: 995484236:AAFAPGbrd8TPfaqKwHWXyOPVr6kuen6b3Ao
2019-11-18 14:25:42,911 bot:32 [INFO] Bot started
2019-11-18 14:26:09,440 bot:51 [INFO] Bot stopped
2019-11-18 14:26:54,474 bot:28 [INFO] Bot initialized. TOKEN: 995484236:AAFAPGbrd8TPfaqKwHWXyOPVr6kuen6b3Ao
2019-11-18 14:26:54,740 bot:32 [INFO] Bot started
2019-11-18 14:27:34,200 bot:52 [INFO] Bot stopped
2019-11-18 14:28:09,610 bot:28 [INFO] Bot initialized. TOKEN: 995484236:AAFAPGbrd8TPfaqKwHWXyOPVr6kuen6b3Ao
2019-11-18 14:28:09,840 bot:32 [INFO] Bot started
2019-11-18 14:30:30,187 bot:28 [INFO] Bot initialized. TOKEN: 995484236:AAFAPGbrd8TPfaqKwHWXyOPVr6kuen6b3Ao
2019-11-18 14:30:30,409 bot:32 [INFO] Bot started
2019-11-18 14:30:31,693 bot:52 [INFO] Bot stopped
2019-11-18 14:30:48,904 bot:52 [INFO] Bot stopped
2019-11-18 14:31:31,801 bot:28 [INFO] Bot initialized. TOKEN: 995484236:AAFAPGbrd8TPfaqKwHWXyOPVr6kuen6b3Ao
2019-11-18 14:31:32,047 bot:32 [INFO] Bot started
2019-11-18 14:41:02,346 bot:52 [INFO] Bot stopped
2019-11-18 14:42:45,256 bot:28 [INFO] Bot initialized. TOKEN: 995484236:AAFAPGbrd8TPfaqKwHWXyOPVr6kuen6b3Ao
2019-11-18 14:42:45,592 bot:32 [INFO] Bot started
2019-11-18 14:43:16,103 bot:54 [INFO] Bot stopped
2019-11-18 14:43:23,527 bot:28 [INFO] Bot initialized. TOKEN: 995484236:AAFAPGbrd8TPfaqKwHWXyOPVr6kuen6b3Ao
2019-11-18 14:43:23,840 bot:32 [INFO] Bot started
2019-11-18 14:45:46,893 bot:55 [INFO] Bot stopped
2019-11-18 14:46:03,946 bot:28 [INFO] Bot initialized. TOKEN: 995484236:AAFAPGbrd8TPfaqKwHWXyOPVr6kuen6b3Ao
2019-11-18 14:46:04,231 bot:32 [INFO] Bot started
2019-11-18 14:46:19,551 bot:54 [INFO] Bot stopped
2019-11-18 14:46:27,099 bot:28 [INFO] Bot initialized. TOKEN: 995484236:AAFAPGbrd8TPfaqKwHWXyOPVr6kuen6b3Ao
2019-11-18 14:46:27,330 bot:32 [INFO] Bot started
2019-11-18 14:46:38,536 bot:54 [INFO] Bot stopped
2019-11-18 14:47:03,622 bot:28 [INFO] Bot initialized. TOKEN: 995484236:AAFAPGbrd8TPfaqKwHWXyOPVr6kuen6b3Ao
2019-11-18 14:47:03,929 bot:32 [INFO] Bot started
2019-11-18 14:47:24,618 bot:54 [INFO] Bot stopped
2019-11-18 14:48:05,454 bot:28 [INFO] Bot initialized. TOKEN: 995484236:AAFAPGbrd8TPfaqKwHWXyOPVr6kuen6b3Ao
2019-11-18 14:48:05,792 bot:32 [INFO] Bot started
2019-11-18 14:49:05,155 bot:54 [INFO] Bot stopped
2019-11-18 14:49:32,961 bot:28 [INFO] Bot initialized. TOKEN: 995484236:AAFAPGbrd8TPfaqKwHWXyOPVr6kuen6b3Ao
2019-11-18 14:49:33,193 bot:32 [INFO] Bot started
2019-11-18 14:50:25,302 bot:28 [INFO] Bot initialized. TOKEN: 995484236:AAFAPGbrd8TPfaqKwHWXyOPVr6kuen6b3Ao
2019-11-18 14:50:25,608 bot:32 [INFO] Bot started
2019-11-18 14:50:26,956 bot:54 [INFO] Bot stopped
2019-11-18 14:50:43,396 bot:54 [INFO] Bot stopped
2019-11-18 14:50:51,947 bot:28 [INFO] Bot initialized. TOKEN: 995484236:AAFAPGbrd8TPfaqKwHWXyOPVr6kuen6b3Ao
2019-11-18 14:50:52,181 bot:32 [INFO] Bot started
2019-11-18 14:52:04,651 bot:28 [INFO] Bot initialized. TOKEN: 995484236:AAFAPGbrd8TPfaqKwHWXyOPVr6kuen6b3Ao
2019-11-18 14:52:04,881 bot:32 [INFO] Bot started
2019-11-18 14:52:23,327 bot:28 [INFO] Bot initialized. TOKEN: 995484236:AAFAPGbrd8TPfaqKwHWXyOPVr6kuen6b3Ao
2019-11-18 14:52:23,563 bot:32 [INFO] Bot started
2019-11-18 14:54:23,827 bot:54 [INFO] Bot stopped
2019-11-18 14:55:52,630 bot:28 [INFO] Bot initialized. TOKEN: 995484236:AAFAPGbrd8TPfaqKwHWXyOPVr6kuen6b3Ao
2019-11-18 14:55:52,973 bot:32 [INFO] Bot started
2019-11-18 14:56:10,296 bot:51 [INFO] Bot stopped
2019-11-18 15:02:16,177 bot:28 [INFO] Bot initialized. TOKEN: 995484236:AAFAPGbrd8TPfaqKwHWXyOPVr6kuen6b3Ao
2019-11-18 15:02:16,452 bot:32 [INFO] Bot started
2019-11-18 15:03:31,024 bot:28 [INFO] Bot initialized. TOKEN: 995484236:AAFAPGbrd8TPfaqKwHWXyOPVr6kuen6b3Ao
2019-11-18 15:03:31,347 bot:32 [INFO] Bot started
2019-11-18 15:06:38,508 bot:28 [INFO] Bot initialized. TOKEN: 995484236:AAFAPGbrd8TPfaqKwHWXyOPVr6kuen6b3Ao
2019-11-18 15:06:38,774 bot:32 [INFO] Bot started
2019-11-18 15:06:40,081 bot:59 [INFO] Bot stopped
2019-11-18 15:07:53,603 bot:59 [INFO] Bot stopped
2019-11-18 15:07:56,888 bot:28 [INFO] Bot initialized. TOKEN: 995484236:AAFAPGbrd8TPfaqKwHWXyOPVr6kuen6b3Ao
2019-11-18 15:07:57,239 bot:32 [INFO] Bot started
2019-11-18 15:08:19,799 bot:28 [INFO] Bot initialized. TOKEN: 995484236:AAFAPGbrd8TPfaqKwHWXyOPVr6kuen6b3Ao
2019-11-18 15:08:20,053 bot:32 [INFO] Bot started
2019-11-18 15:08:21,384 bot:59 [INFO] Bot stopped
2019-11-18 15:08:29,222 bot:28 [INFO] Bot initialized. TOKEN: 995484236:AAFAPGbrd8TPfaqKwHWXyOPVr6kuen6b3Ao
2019-11-18 15:08:29,516 bot:32 [INFO] Bot started
2019-11-18 15:08:30,847 bot:59 [INFO] Bot stopped
2019-11-18 15:08:52,954 bot:59 [INFO] Bot stopped
2019-11-18 15:09:34,318 bot:28 [INFO] Bot initialized. TOKEN: 995484236:AAFAPGbrd8TPfaqKwHWXyOPVr6kuen6b3Ao
2019-11-18 15:09:34,621 bot:32 [INFO] Bot started
2019-11-18 15:09:53,809 bot:59 [INFO] Bot stopped
2019-11-18 15:11:26,503 bot:28 [INFO] Bot initialized. TOKEN: 995484236:AAFAPGbrd8TPfaqKwHWXyOPVr6kuen6b3Ao
2019-11-18 15:11:26,757 bot:32 [INFO] Bot started
2019-11-18 15:12:19,184 bot:59 [INFO] Bot stopped
2019-11-18 15:12:33,163 bot:28 [INFO] Bot initialized. TOKEN: 995484236:AAFAPGbrd8TPfaqKwHWXyOPVr6kuen6b3Ao
2019-11-18 15:12:33,398 bot:32 [INFO] Bot started
2019-11-18 15:12:49,257 bot:59 [INFO] Bot stopped
2019-11-18 15:13:15,098 bot:28 [INFO] Bot initialized. TOKEN: 995484236:AAFAPGbrd8TPfaqKwHWXyOPVr6kuen6b3Ao
2019-11-18 15:13:15,440 bot:32 [INFO] Bot started
2019-11-18 15:13:25,985 bot:59 [INFO] Bot stopped
2019-11-18 15:13:53,394 bot:28 [INFO] Bot initialized. TOKEN: 995484236:AAFAPGbrd8TPfaqKwHWXyOPVr6kuen6b3Ao
2019-11-18 15:13:53,704 bot:32 [INFO] Bot started
2019-11-18 15:14:05,629 bot:59 [INFO] Bot stopped
2019-11-18 15:14:07,960 bot:28 [INFO] Bot initialized. TOKEN: 995484236:AAFAPGbrd8TPfaqKwHWXyOPVr6kuen6b3Ao
2019-11-18 15:14:08,268 bot:32 [INFO] Bot started
2019-11-18 15:14:19,845 bot:59 [INFO] Bot stopped
2019-11-18 15:15:00,899 bot:28 [INFO] Bot initialized. TOKEN: 995484236:AAFAPGbrd8TPfaqKwHWXyOPVr6kuen6b3Ao
2019-11-18 15:15:01,217 bot:32 [INFO] Bot started
2019-11-18 15:15:13,845 bot:59 [INFO] Bot stopped
2019-11-18 15:15:33,224 bot:28 [INFO] Bot initialized. TOKEN: 995484236:AAFAPGbrd8TPfaqKwHWXyOPVr6kuen6b3Ao
2019-11-18 15:15:33,482 bot:32 [INFO] Bot started
2019-11-18 15:16:04,154 bot:59 [INFO] Bot stopped
2019-11-18 15:16:13,950 bot:28 [INFO] Bot initialized. TOKEN: 995484236:AAFAPGbrd8TPfaqKwHWXyOPVr6kuen6b3Ao
2019-11-18 15:16:14,193 bot:32 [INFO] Bot started
2019-11-18 15:16:52,085 bot:28 [INFO] Bot initialized. TOKEN: 995484236:AAFAPGbrd8TPfaqKwHWXyOPVr6kuen6b3Ao
2019-11-18 15:16:52,412 bot:32 [INFO] Bot started
2019-11-18 15:17:13,777 bot:59 [INFO] Bot stopped
2019-11-18 15:17:43,479 bot:28 [INFO] Bot initialized. TOKEN: 995484236:AAFAPGbrd8TPfaqKwHWXyOPVr6kuen6b3Ao
2019-11-18 15:17:43,786 bot:32 [INFO] Bot started
2019-11-18 15:18:34,917 bot:28 [INFO] Bot initialized. TOKEN: 995484236:AAFAPGbrd8TPfaqKwHWXyOPVr6kuen6b3Ao
2019-11-18 15:18:35,268 bot:32 [INFO] Bot started
2019-11-18 15:19:15,173 bot:28 [INFO] Bot initialized. TOKEN: 995484236:AAFAPGbrd8TPfaqKwHWXyOPVr6kuen6b3Ao
2019-11-18 15:19:15,483 bot:32 [INFO] Bot started
2019-11-18 15:19:32,266 bot:28 [INFO] Bot initialized. TOKEN: 995484236:AAFAPGbrd8TPfaqKwHWXyOPVr6kuen6b3Ao
2019-11-18 15:19:32,489 bot:32 [INFO] Bot started
2019-11-18 15:19:33,789 bot:58 [INFO] Bot stopped
2019-11-18 15:19:43,350 bot:55 [INFO] Bot stopped
2019-11-18 15:19:45,886 bot:28 [INFO] Bot initialized. TOKEN: 995484236:AAFAPGbrd8TPfaqKwHWXyOPVr6kuen6b3Ao
2019-11-18 15:19:46,138 bot:32 [INFO] Bot started
2019-11-18 15:20:09,898 bot:28 [INFO] Bot initialized. TOKEN: 995484236:AAFAPGbrd8TPfaqKwHWXyOPVr6kuen6b3Ao
2019-11-18 15:20:10,212 bot:32 [INFO] Bot started
2019-11-18 15:21:32,940 bot:28 [INFO] Bot initialized. TOKEN: 995484236:AAFAPGbrd8TPfaqKwHWXyOPVr6kuen6b3Ao
2019-11-18 15:21:33,160 bot:32 [INFO] Bot started
2019-11-18 15:21:43,959 bot:59 [INFO] Bot stopped
2019-11-18 15:21:49,227 bot:28 [INFO] Bot initialized. TOKEN: 995484236:AAFAPGbrd8TPfaqKwHWXyOPVr6kuen6b3Ao
2019-11-18 15:21:49,456 bot:32 [INFO] Bot started
2019-11-18 15:22:20,832 bot:28 [INFO] Bot initialized. TOKEN: 995484236:AAFAPGbrd8TPfaqKwHWXyOPVr6kuen6b3Ao
2019-11-18 15:22:21,134 bot:32 [INFO] Bot started
2019-11-18 15:22:36,400 bot:59 [INFO] Bot stopped
2019-11-18 15:23:15,968 bot:28 [INFO] Bot initialized. TOKEN: 995484236:AAFAPGbrd8TPfaqKwHWXyOPVr6kuen6b3Ao
2019-11-18 15:23:16,214 bot:32 [INFO] Bot started
2019-11-18 15:23:28,443 bot:59 [INFO] Bot stopped
2019-11-18 15:25:13,836 bot:28 [INFO] Bot initialized. TOKEN: 995484236:AAFAPGbrd8TPfaqKwHWXyOPVr6kuen6b3Ao
2019-11-18 15:25:14,156 bot:32 [INFO] Bot started
2019-11-18 15:25:45,471 bot:60 [INFO] Bot stopped
2019-11-18 15:26:49,201 bot:28 [INFO] Bot initialized. TOKEN: 995484236:AAFAPGbrd8TPfaqKwHWXyOPVr6kuen6b3Ao
2019-11-18 15:26:49,448 bot:32 [INFO] Bot started
2019-11-18 15:27:14,090 bot:60 [INFO] Bot stopped
2019-11-18 15:27:14,971 bot:28 [INFO] Bot initialized. TOKEN: 995484236:AAFAPGbrd8TPfaqKwHWXyOPVr6kuen6b3Ao
2019-11-18 15:27:15,228 bot:32 [INFO] Bot started
2019-11-18 15:27:41,329 bot:28 [INFO] Bot initialized. TOKEN: 995484236:AAFAPGbrd8TPfaqKwHWXyOPVr6kuen6b3Ao
2019-11-18 15:27:41,648 bot:32 [INFO] Bot started
2019-11-18 15:27:43,006 bot:60 [INFO] Bot stopped
2019-11-18 15:27:53,941 bot:60 [INFO] Bot stopped
2019-11-18 15:27:59,382 bot:28 [INFO] Bot initialized. TOKEN: 995484236:AAFAPGbrd8TPfaqKwHWXyOPVr6kuen6b3Ao
2019-11-18 15:27:59,612 bot:32 [INFO] Bot started
2019-11-18 15:28:40,611 bot:60 [INFO] Bot stopped
2019-11-18 15:29:52,745 bot:37 [INFO] Bot initialized. TOKEN: 995484236:AAFAPGbrd8TPfaqKwHWXyOPVr6kuen6b3Ao
2019-11-18 15:29:53,050 bot:41 [INFO] Bot started
2019-11-18 15:30:08,480 bot:69 [INFO] Bot stopped
2019-11-18 15:30:09,388 bot:37 [INFO] Bot initialized. TOKEN: 995484236:AAFAPGbrd8TPfaqKwHWXyOPVr6kuen6b3Ao
2019-11-18 15:30:09,696 bot:41 [INFO] Bot started
2019-11-18 15:30:21,749 bot:69 [INFO] Bot stopped
2019-11-18 15:32:27,480 bot:37 [INFO] Bot initialized. TOKEN: 995484236:AAFAPGbrd8TPfaqKwHWXyOPVr6kuen6b3Ao
2019-11-18 15:32:27,823 bot:41 [INFO] Bot started
2019-11-18 15:33:04,496 bot:69 [INFO] Bot stopped
2019-11-18 15:34:57,437 bot:28 [INFO] Bot initialized. TOKEN: 995484236:AAFAPGbrd8TPfaqKwHWXyOPVr6kuen6b3Ao
2019-11-18 15:34:57,752 bot:32 [INFO] Bot started
2019-11-18 15:35:15,311 bot:60 [INFO] Bot stopped
2019-11-18 15:35:23,394 bot:28 [INFO] Bot initialized. TOKEN: 995484236:AAFAPGbrd8TPfaqKwHWXyOPVr6kuen6b3Ao
2019-11-18 15:35:23,698 bot:32 [INFO] Bot started
2019-11-18 15:35:45,394 bot:28 [INFO] Bot initialized. TOKEN: 995484236:AAFAPGbrd8TPfaqKwHWXyOPVr6kuen6b3Ao
2019-11-18 15:35:45,719 bot:32 [INFO] Bot started
2019-11-18 15:35:47,085 bot:60 [INFO] Bot stopped
2019-11-18 15:36:28,796 bot:28 [INFO] Bot initialized. TOKEN: 995484236:AAFAPGbrd8TPfaqKwHWXyOPVr6kuen6b3Ao
2019-11-18 15:36:29,102 bot:32 [INFO] Bot started
2019-11-18 15:36:30,476 bot:60 [INFO] Bot stopped
2019-11-18 15:36:40,546 bot:60 [INFO] Bot stopped
2019-11-18 15:36:48,853 bot:28 [INFO] Bot initialized. TOKEN: 995484236:AAFAPGbrd8TPfaqKwHWXyOPVr6kuen6b3Ao
2019-11-18 15:36:49,070 bot:32 [INFO] Bot started
2019-11-18 15:37:30,343 bot:60 [INFO] Bot stopped
2019-11-18 15:37:31,274 bot:28 [INFO] Bot initialized. TOKEN: 995484236:AAFAPGbrd8TPfaqKwHWXyOPVr6kuen6b3Ao
2019-11-18 15:37:31,513 bot:32 [INFO] Bot started
2019-11-18 15:41:08,781 bot:60 [INFO] Bot stopped
2019-11-18 15:42:56,680 bot:28 [INFO] Bot initialized. TOKEN: 995484236:AAFAPGbrd8TPfaqKwHWXyOPVr6kuen6b3Ao
2019-11-18 15:42:57,017 bot:32 [INFO] Bot started
2019-11-18 15:42:57,374 bot:36 [INFO] bot {'id': 442828335, 'first_name': 'Max', 'is_bot': False, 'last_name': 'Nagorniy', 'username': 'miscellian', 'language_code': 'en'}
2019-11-18 15:42:57,706 bot:36 [INFO] bot {'id': 442828335, 'first_name': 'Max', 'is_bot': False, 'last_name': 'Nagorniy', 'username': 'miscellian', 'language_code': 'en'}
2019-11-18 15:42:57,877 bot:36 [INFO] bot {'id': 442828335, 'first_name': 'Max', 'is_bot': False, 'last_name': 'Nagorniy', 'username': 'miscellian', 'language_code': 'en'}
2019-11-18 15:43:34,111 bot:61 [INFO] Bot stopped
2019-11-18 15:43:38,264 bot:28 [INFO] Bot initialized. TOKEN: 995484236:AAFAPGbrd8TPfaqKwHWXyOPVr6kuen6b3Ao
2019-11-18 15:43:38,571 bot:32 [INFO] Bot started
2019-11-18 15:43:38,930 bot:36 [INFO] %(funcname) {'id': 442828335, 'first_name': 'Max', 'is_bot': False, 'last_name': 'Nagorniy', 'username': 'miscellian', 'language_code': 'en'}
2019-11-18 15:43:49,116 bot:61 [INFO] Bot stopped
2019-11-18 15:47:52,643 bot:28 [INFO] Bot initialized. TOKEN: 995484236:AAFAPGbrd8TPfaqKwHWXyOPVr6kuen6b3Ao
2019-11-18 15:47:52,946 bot:32 [INFO] Bot started
2019-11-18 15:47:59,904 bot:37 [INFO] Text: /start. From: Max Nagorniy, @miscellian, 442828335
2019-11-18 15:48:10,049 bot:62 [INFO] Bot stopped
2019-11-18 15:51:47,235 bot:29 [INFO] Bot initialized. TOKEN: 995484236:AAFAPGbrd8TPfaqKwHWXyOPVr6kuen6b3Ao
2019-11-18 15:51:47,473 bot:33 [INFO] Bot started
2019-11-18 15:52:25,308 bot:69 [INFO] Bot stopped
2019-11-18 15:52:38,306 bot:29 [INFO] Bot initialized. TOKEN: 995484236:AAFAPGbrd8TPfaqKwHWXyOPVr6kuen6b3Ao
2019-11-18 15:52:38,541 bot:33 [INFO] Bot started
2019-11-18 15:52:55,282 bot:70 [INFO] Bot stopped
2019-11-18 15:53:21,669 bot:30 [INFO] Bot initialized. TOKEN: 995484236:AAFAPGbrd8TPfaqKwHWXyOPVr6kuen6b3Ao
2019-11-18 15:53:21,960 bot:34 [INFO] Bot started
2019-11-18 15:53:22,252 bot:45 [INFO] Text: /start. From: Max Nagorniy, @miscellian, 442828335
2019-11-18 15:53:27,687 bot:40 [INFO] Text: asfd. From: Max Nagorniy, @miscellian, 442828335
2019-11-18 15:53:37,802 bot:71 [INFO] Bot stopped
2019-11-18 15:55:27,769 bot:30 [INFO] Bot initialized. TOKEN: 995484236:AAFAPGbrd8TPfaqKwHWXyOPVr6kuen6b3Ao
2019-11-18 15:55:28,074 bot:34 [INFO] Bot started
2019-11-18 15:56:16,349 bot:39 [INFO] Text: sd. From: Max Nagorniy, @miscellian, 442828335
2019-11-18 15:56:36,328 bot:39 [INFO] Text: asfd. From: Max Nagorniy, @miscellian, 442828335
2019-11-18 15:56:39,893 bot:44 [INFO] Text: /start. From: Max Nagorniy, @miscellian, 442828335
2019-11-18 15:56:59,273 bot:30 [INFO] Bot initialized. TOKEN: 995484236:AAFAPGbrd8TPfaqKwHWXyOPVr6kuen6b3Ao
2019-11-18 15:56:59,559 bot:34 [INFO] Bot started
2019-11-18 15:57:00,913 bot:70 [INFO] Bot stopped
2019-11-18 15:57:40,988 bot:70 [INFO] Bot stopped
2019-11-18 15:57:50,882 bot:30 [INFO] Bot initialized. TOKEN: 995484236:AAFAPGbrd8TPfaqKwHWXyOPVr6kuen6b3Ao
2019-11-18 15:57:51,194 bot:34 [INFO] Bot started
2019-11-18 15:58:31,087 bot:30 [INFO] Bot initialized. TOKEN: 995484236:AAFAPGbrd8TPfaqKwHWXyOPVr6kuen6b3Ao
2019-11-18 15:58:31,365 bot:34 [INFO] Bot started
2019-11-18 15:58:32,671 bot:70 [INFO] Bot stopped
2019-11-18 15:58:40,322 bot:39 [INFO] Text: adf. From: Max Nagorniy, @miscellian, 442828335
2019-11-18 16:00:20,424 bot:66 [INFO] Bot stopped
2019-11-18 16:00:51,407 bot:30 [INFO] Bot initialized. TOKEN: 995484236:AAFAPGbrd8TPfaqKwHWXyOPVr6kuen6b3Ao
2019-11-18 16:00:51,651 bot:34 [INFO] Bot started
2019-11-18 16:00:54,810 bot:51 [INFO] Text: /getSale Grand Theft Auto V. From: Max Nagorniy, @miscellian, 442828335
2019-11-18 16:03:34,514 bot:30 [INFO] Bot initialized. TOKEN: 995484236:AAFAPGbrd8TPfaqKwHWXyOPVr6kuen6b3Ao
2019-11-18 16:03:36,944 bot:34 [INFO] Bot started
2019-11-18 16:03:38,928 bot:51 [INFO] Text: /getSale Grand Theft Auto V. From: Just dust None, @discontented, 488868426
2019-11-18 16:03:40,691 bot:39 [INFO] Text: ааааааааааааааааааааааааа. From: Just dust None, @discontented, 488868426
2019-11-18 16:03:40,691 bot:39 [INFO] Text: @@@@@@@@@@@@@@@@@@@@@@@@@@@@@@@@@@@@@@@@@@@@@@@@@@@@@@@@@@@@@@@@@@@@@@@@@@@@@@@@@@@@@@@@@@. From: Just dust None, @discontented, 488868426
2019-11-18 16:03:49,920 bot:72 [INFO] Bot stopped
2019-11-18 16:03:50,671 bot:30 [INFO] Bot initialized. TOKEN: 995484236:AAFAPGbrd8TPfaqKwHWXyOPVr6kuen6b3Ao
2019-11-18 16:03:52,575 bot:34 [INFO] Bot started
2019-11-18 16:03:55,234 bot:51 [INFO] Text: /getSale Grand Theft Auto V. From: Max Nagorniy, @miscellian, 442828335
2019-11-18 16:04:06,186 bot:72 [INFO] Bot stopped
2019-11-18 16:04:11,761 bot:30 [INFO] Bot initialized. TOKEN: 995484236:AAFAPGbrd8TPfaqKwHWXyOPVr6kuen6b3Ao
2019-11-18 16:04:12,943 bot:34 [INFO] Bot started
2019-11-18 16:04:14,157 bot:51 [INFO] Text: /getSale Grand Theft Auto V. From: Max Nagorniy, @miscellian, 442828335
2019-11-18 16:05:14,848 bot:30 [INFO] Bot initialized. TOKEN: 995484236:AAFAPGbrd8TPfaqKwHWXyOPVr6kuen6b3Ao
2019-11-18 16:05:16,805 bot:34 [INFO] Bot started
2019-11-18 16:05:19,330 bot:51 [INFO] Text: /getSale Grand Theft Auto V. From: Max Nagorniy, @miscellian, 442828335
2019-11-18 16:06:33,137 bot:72 [INFO] Bot stopped
2019-11-18 16:06:38,767 bot:30 [INFO] Bot initialized. TOKEN: 995484236:AAFAPGbrd8TPfaqKwHWXyOPVr6kuen6b3Ao
2019-11-18 16:06:39,286 bot:34 [INFO] Bot started
2019-11-18 16:06:40,035 bot:51 [INFO] Text: /getSale Grand Theft Auto V. From: Max Nagorniy, @miscellian, 442828335
2019-11-18 16:08:11,231 bot:30 [INFO] Bot initialized. TOKEN: 995484236:AAFAPGbrd8TPfaqKwHWXyOPVr6kuen6b3Ao
2019-11-18 16:08:11,486 bot:34 [INFO] Bot started
2019-11-18 16:08:12,813 bot:51 [INFO] Text: /getSale Grand Theft Auto V. From: Max Nagorniy, @miscellian, 442828335
2019-11-18 16:21:02,728 bot:30 [INFO] Bot initialized. TOKEN: 995484236:AAFAPGbrd8TPfaqKwHWXyOPVr6kuen6b3Ao
2019-11-18 16:21:03,013 bot:34 [INFO] Bot started
2019-11-18 16:21:03,315 bot:39 [INFO] Text: http://api.steampowered.com/ISteamApps/GetAppList/v0002. From: Max Nagorniy, @miscellian, 442828335
2019-11-18 16:21:03,315 bot:39 [INFO] Text: https://store.steampowered.com/api/appdetails?appids=362003. From: Max Nagorniy, @miscellian, 442828335
2019-11-18 16:21:12,458 bot:51 [INFO] Text: /getSale Grand Theft Auto V. From: Max Nagorniy, @miscellian, 442828335
2019-11-18 16:21:42,794 bot:72 [INFO] Bot stopped
2019-11-18 16:21:44,222 bot:30 [INFO] Bot initialized. TOKEN: 995484236:AAFAPGbrd8TPfaqKwHWXyOPVr6kuen6b3Ao
2019-11-18 16:21:44,527 bot:34 [INFO] Bot started
2019-11-18 16:21:47,874 bot:51 [INFO] Text: /getSale Grand Theft Auto V. From: Max Nagorniy, @miscellian, 442828335
2019-11-18 16:22:02,505 bot:30 [INFO] Bot initialized. TOKEN: 995484236:AAFAPGbrd8TPfaqKwHWXyOPVr6kuen6b3Ao
2019-11-18 16:22:02,753 bot:34 [INFO] Bot started
2019-11-18 16:22:04,078 bot:72 [INFO] Bot stopped
2019-11-18 16:22:04,259 bot:51 [INFO] Text: /getSale Grand Theft Auto V. From: Max Nagorniy, @miscellian, 442828335
2019-11-18 16:23:55,552 bot:72 [INFO] Bot stopped
2019-11-18 16:23:58,272 bot:30 [INFO] Bot initialized. TOKEN: 995484236:AAFAPGbrd8TPfaqKwHWXyOPVr6kuen6b3Ao
2019-11-18 16:23:58,571 bot:34 [INFO] Bot started
2019-11-18 16:24:04,393 bot:51 [INFO] Text: /getSale Grand Theft Auto V. From: Max Nagorniy, @miscellian, 442828335
2019-11-18 16:24:24,674 bot:72 [INFO] Bot stopped
2019-11-18 16:24:44,789 bot:30 [INFO] Bot initialized. TOKEN: 995484236:AAFAPGbrd8TPfaqKwHWXyOPVr6kuen6b3Ao
2019-11-18 16:24:45,088 bot:34 [INFO] Bot started
2019-11-18 16:24:47,059 bot:51 [INFO] Text: /getSale Grand Theft Auto V. From: Max Nagorniy, @miscellian, 442828335
2019-11-18 16:24:57,204 bot:72 [INFO] Bot stopped
2019-11-18 16:24:58,128 bot:30 [INFO] Bot initialized. TOKEN: 995484236:AAFAPGbrd8TPfaqKwHWXyOPVr6kuen6b3Ao
2019-11-18 16:24:58,361 bot:34 [INFO] Bot started
2019-11-18 16:24:58,648 bot:51 [INFO] Text: /getSale Grand Theft Auto V. From: Max Nagorniy, @miscellian, 442828335
2019-11-18 16:25:29,403 bot:72 [INFO] Bot stopped
2019-11-18 16:25:48,037 bot:30 [INFO] Bot initialized. TOKEN: 995484236:AAFAPGbrd8TPfaqKwHWXyOPVr6kuen6b3Ao
2019-11-18 16:25:48,362 bot:34 [INFO] Bot started
2019-11-18 16:25:54,406 bot:51 [INFO] Text: /getSale Grand Theft Auto V. From: Max Nagorniy, @miscellian, 442828335
2019-11-18 16:27:17,540 bot:30 [INFO] Bot initialized. TOKEN: 995484236:AAFAPGbrd8TPfaqKwHWXyOPVr6kuen6b3Ao
2019-11-18 16:27:17,874 bot:34 [INFO] Bot started
2019-11-18 16:27:20,105 bot:39 [INFO] Text: __getGameIdByName. From: Max Nagorniy, @miscellian, 442828335
2019-11-18 16:27:28,974 bot:51 [INFO] Text: /getSale Grand Theft Auto V. From: Max Nagorniy, @miscellian, 442828335
2019-11-18 16:27:43,285 bot:30 [INFO] Bot initialized. TOKEN: 995484236:AAFAPGbrd8TPfaqKwHWXyOPVr6kuen6b3Ao
2019-11-18 16:27:43,506 bot:72 [INFO] Bot stopped
2019-11-18 16:27:43,533 bot:34 [INFO] Bot started
2019-11-18 16:27:43,814 bot:51 [INFO] Text: /getSale Grand Theft Auto V. From: Max Nagorniy, @miscellian, 442828335
2019-11-18 16:27:53,669 bot:30 [INFO] Bot initialized. TOKEN: 995484236:AAFAPGbrd8TPfaqKwHWXyOPVr6kuen6b3Ao
2019-11-18 16:27:53,734 bot:72 [INFO] Bot stopped
2019-11-18 16:27:53,915 bot:34 [INFO] Bot started
2019-11-18 16:27:54,200 bot:51 [INFO] Text: /getSale Grand Theft Auto V. From: Max Nagorniy, @miscellian, 442828335
2019-11-18 16:28:44,782 bot:72 [INFO] Bot stopped
2019-11-18 16:29:52,869 bot:30 [INFO] Bot initialized. TOKEN: 995484236:AAFAPGbrd8TPfaqKwHWXyOPVr6kuen6b3Ao
2019-11-18 16:29:53,177 bot:34 [INFO] Bot started
2019-11-18 16:30:09,979 bot:51 [INFO] Text: /getSale Grand Theft Auto V. From: Max Nagorniy, @miscellian, 442828335
2019-11-18 16:31:00,704 bot:72 [INFO] Bot stopped
2019-11-18 16:31:45,806 bot:30 [INFO] Bot initialized. TOKEN: 995484236:AAFAPGbrd8TPfaqKwHWXyOPVr6kuen6b3Ao
2019-11-18 16:31:46,053 bot:34 [INFO] Bot started
2019-11-18 16:31:56,087 bot:51 [INFO] Text: /getSale Grand Theft Auto V. From: Max Nagorniy, @miscellian, 442828335
2019-11-18 16:32:30,565 bot:30 [INFO] Bot initialized. TOKEN: 995484236:AAFAPGbrd8TPfaqKwHWXyOPVr6kuen6b3Ao
2019-11-18 16:32:30,813 bot:34 [INFO] Bot started
2019-11-18 16:32:32,118 bot:72 [INFO] Bot stopped
2019-11-18 16:32:34,606 bot:51 [INFO] Text: /getSale Grand Theft Auto V. From: Max Nagorniy, @miscellian, 442828335
2019-11-18 16:32:59,085 bot:30 [INFO] Bot initialized. TOKEN: 995484236:AAFAPGbrd8TPfaqKwHWXyOPVr6kuen6b3Ao
2019-11-18 16:32:59,324 bot:34 [INFO] Bot started
2019-11-18 16:32:59,437 bot:72 [INFO] Bot stopped
2019-11-18 16:32:59,611 bot:51 [INFO] Text: /getSale Grand Theft Auto V. From: Max Nagorniy, @miscellian, 442828335
2019-11-18 16:35:31,732 bot:72 [INFO] Bot stopped
2019-11-18 16:35:33,028 bot:30 [INFO] Bot initialized. TOKEN: 995484236:AAFAPGbrd8TPfaqKwHWXyOPVr6kuen6b3Ao
2019-11-18 16:35:33,349 bot:34 [INFO] Bot started
2019-11-18 16:35:35,827 bot:51 [INFO] Text: /getSale Grand Theft Auto V. From: Max Nagorniy, @miscellian, 442828335
2019-11-18 16:35:56,135 bot:72 [INFO] Bot stopped
2019-11-18 16:36:00,461 bot:30 [INFO] Bot initialized. TOKEN: 995484236:AAFAPGbrd8TPfaqKwHWXyOPVr6kuen6b3Ao
2019-11-18 16:36:00,708 bot:34 [INFO] Bot started
2019-11-18 16:36:01,867 bot:51 [INFO] Text: /getSale Grand Theft Auto V. From: Max Nagorniy, @miscellian, 442828335
2019-11-18 16:36:25,317 bot:30 [INFO] Bot initialized. TOKEN: 995484236:AAFAPGbrd8TPfaqKwHWXyOPVr6kuen6b3Ao
2019-11-18 16:36:25,710 bot:34 [INFO] Bot started
2019-11-18 16:36:26,910 bot:51 [INFO] Text: /getSale Grand Theft Auto V. From: Max Nagorniy, @miscellian, 442828335
2019-11-18 16:36:40,033 bot:51 [INFO] Text: /getSale Terraia. From: Max Nagorniy, @miscellian, 442828335
2019-11-18 16:36:45,311 bot:51 [INFO] Text: /getSale Terraria. From: Max Nagorniy, @miscellian, 442828335
2019-11-18 16:37:24,961 bot:51 [INFO] Text: /getSale Supraland. From: Max Nagorniy, @miscellian, 442828335
2019-11-18 16:38:14,025 bot:30 [INFO] Bot initialized. TOKEN: 995484236:AAFAPGbrd8TPfaqKwHWXyOPVr6kuen6b3Ao
2019-11-18 16:38:14,326 bot:34 [INFO] Bot started
2019-11-18 16:38:15,691 bot:72 [INFO] Bot stopped
2019-11-18 16:38:16,839 bot:51 [INFO] Text: /getSale. From: Max Nagorniy, @miscellian, 442828335
2019-11-18 16:38:23,681 bot:51 [INFO] Text: /getSale Supraland. From: Max Nagorniy, @miscellian, 442828335
2019-11-18 16:38:34,351 bot:72 [INFO] Bot stopped
2019-11-18 16:38:37,556 bot:30 [INFO] Bot initialized. TOKEN: 995484236:AAFAPGbrd8TPfaqKwHWXyOPVr6kuen6b3Ao
2019-11-18 16:38:37,788 bot:34 [INFO] Bot started
2019-11-18 16:38:45,206 bot:30 [INFO] Bot initialized. TOKEN: 995484236:AAFAPGbrd8TPfaqKwHWXyOPVr6kuen6b3Ao
2019-11-18 16:38:45,517 bot:34 [INFO] Bot started
2019-11-18 16:38:46,440 bot:51 [INFO] Text: /getSale Supraland. From: Max Nagorniy, @miscellian, 442828335
2019-11-18 16:38:46,849 bot:72 [INFO] Bot stopped
2019-11-18 16:41:25,697 bot:30 [INFO] Bot initialized. TOKEN: 995484236:AAFAPGbrd8TPfaqKwHWXyOPVr6kuen6b3Ao
2019-11-18 16:41:25,948 bot:34 [INFO] Bot started
2019-11-18 16:41:30,348 bot:51 [INFO] Text: /getSale Supraland. From: Max Nagorniy, @miscellian, 442828335
2019-11-18 16:41:40,479 bot:72 [INFO] Bot stopped
2019-11-18 16:42:51,958 bot:30 [INFO] Bot initialized. TOKEN: 995484236:AAFAPGbrd8TPfaqKwHWXyOPVr6kuen6b3Ao
2019-11-18 16:42:52,282 bot:34 [INFO] Bot started
2019-11-18 16:42:56,162 bot:51 [INFO] Text: /getSale Supraland. From: Max Nagorniy, @miscellian, 442828335
2019-11-18 16:43:46,914 bot:72 [INFO] Bot stopped
2019-11-18 16:43:59,377 bot:31 [INFO] Bot initialized. TOKEN: 995484236:AAFAPGbrd8TPfaqKwHWXyOPVr6kuen6b3Ao
2019-11-18 16:43:59,695 bot:35 [INFO] Bot started
2019-11-18 16:44:00,066 bot:52 [INFO] Text: /getSale Supraland. From: Max Nagorniy, @miscellian, 442828335
2019-11-18 16:44:10,260 bot:73 [INFO] Bot stopped
2019-11-18 16:44:29,726 bot:31 [INFO] Bot initialized. TOKEN: 995484236:AAFAPGbrd8TPfaqKwHWXyOPVr6kuen6b3Ao
2019-11-18 16:44:29,970 bot:35 [INFO] Bot started
2019-11-18 16:46:08,180 bot:52 [INFO] Text: /getSale Grand Theft Auto V. From: Just dust None, @discontented, 488868426
2019-11-18 16:46:37,620 bot:52 [INFO] Text: /getSale Supraland. From: Just dust None, @discontented, 488868426
2019-11-18 16:51:10,229 bot:52 [INFO] Text: /getsale. From: Max Nagorniy, @miscellian, 442828335
2019-11-18 16:51:20,366 bot:73 [INFO] Bot stopped
