2019-11-18 13:49:58,826 steam_api:17 [INFO] Steam API Service initialized
2019-11-18 13:49:58,828 steam_api:32 [DEBUG] Called with args:Terraria
2019-11-18 13:49:59,748 steam_api:34 [DEBUG] Id for game: 105600
2019-11-18 13:50:00,414 steam_api:44 [INFO] Game found. id: 105600, name: "Terraria"
2019-11-18 14:02:21,301 steam_api:17 [INFO] Steam API Service initialized
2019-11-18 14:02:21,302 steam_api:32 [DEBUG] Called with args:Terraria
2019-11-18 14:02:22,334 steam_api:34 [DEBUG] Id for game: 105600
2019-11-18 14:02:22,938 steam_api:44 [INFO] Game found. id: 105600, name: "Terraria"
2019-11-18 14:06:18,764 steam_api:17 [INFO] Steam API Service initialized
2019-11-18 14:06:46,506 steam_api:17 [INFO] Steam API Service initialized
2019-11-18 14:07:24,598 steam_api:17 [INFO] Steam API Service initialized
2019-11-18 14:08:34,051 steam_api:17 [INFO] Steam API Service initialized
2019-11-18 14:09:31,614 steam_api:17 [INFO] Steam API Service initialized
2019-11-18 14:09:40,775 steam_api:32 [DEBUG] Called with args:Terraria
2019-11-18 14:09:46,940 steam_api:34 [DEBUG] Id for game: 105600
2019-11-18 14:09:47,519 steam_api:44 [INFO] Game found. id: 105600, name: "Terraria"
2019-11-18 14:17:49,824 steam_api:17 [INFO] Steam API Service initialized
2019-11-18 14:18:19,508 steam_api:17 [INFO] Steam API Service initialized
2019-11-18 14:19:06,594 steam_api:17 [INFO] Steam API Service initialized
2019-11-18 14:20:05,956 steam_api:17 [INFO] Steam API Service initialized
2019-11-18 14:20:54,026 steam_api:17 [INFO] Steam API Service initialized
2019-11-18 14:20:54,706 steam_api:32 [DEBUG] Called with args:Terraria
2019-11-18 14:20:55,746 steam_api:34 [DEBUG] Id for game: 105600
2019-11-18 14:20:56,339 steam_api:44 [INFO] Game found. id: 105600, name: "Terraria"
2019-11-18 14:21:10,162 steam_api:32 [DEBUG] Called with args:huy
2019-11-18 14:21:11,067 steam_api:34 [DEBUG] Id for game: None
2019-11-18 14:21:11,627 steam_api:39 [DEBUG] %d format: a number is required, not NoneType
2019-11-18 14:21:11,628 steam_api:40 [INFO] Game with this name doesn't exists in Steam
2019-11-18 14:24:42,463 steam_api:17 [INFO] Steam API Service initialized
2019-11-18 14:25:10,873 steam_api:32 [DEBUG] Called with args: huy
2019-11-18 14:25:16,934 steam_api:34 [DEBUG] Id for game: None
2019-11-18 14:25:17,630 steam_api:39 [DEBUG] %d format: a number is required, not NoneType
2019-11-18 14:25:17,631 steam_api:40 [INFO] Game with this name doesn't exists in Steam
2019-11-18 14:25:42,673 steam_api:17 [INFO] Steam API Service initialized
2019-11-18 14:26:54,473 steam_api:17 [INFO] Steam API Service initialized
2019-11-18 14:27:13,873 steam_api:32 [DEBUG] Called with args: huy
2019-11-18 14:27:14,730 steam_api:34 [DEBUG] Id for game: None
2019-11-18 14:27:15,310 steam_api:39 [DEBUG] %d format: a number is required, not NoneType
2019-11-18 14:27:15,310 steam_api:40 [INFO] Game with this name doesn't exists in Steam
2019-11-18 14:27:23,512 steam_api:32 [DEBUG] Called with args: Terraria
2019-11-18 14:27:24,382 steam_api:34 [DEBUG] Id for game: 105600
2019-11-18 14:27:24,949 steam_api:44 [INFO] Game found. id: 105600, name: "Terraria"
2019-11-18 14:28:09,608 steam_api:17 [INFO] Steam API Service initialized
2019-11-18 14:29:24,664 steam_api:32 [DEBUG] Called with args: warframe
2019-11-18 14:29:26,259 steam_api:34 [DEBUG] Id for game: None
2019-11-18 14:29:26,788 steam_api:39 [DEBUG] %d format: a number is required, not NoneType
2019-11-18 14:29:26,788 steam_api:40 [INFO] Game with this name doesn't exists in Steam
2019-11-18 14:29:42,502 steam_api:32 [DEBUG] Called with args: Warframe
2019-11-18 14:29:43,410 steam_api:34 [DEBUG] Id for game: 230410
2019-11-18 14:29:55,125 steam_api:32 [DEBUG] Called with args: Warframe
2019-11-18 14:29:56,039 steam_api:34 [DEBUG] Id for game: 230410
2019-11-18 14:30:30,185 steam_api:17 [INFO] Steam API Service initialized
2019-11-18 14:30:38,497 steam_api:32 [DEBUG] Called with args: Warframe
2019-11-18 14:30:39,372 steam_api:34 [DEBUG] Id for game: 230410
2019-11-18 14:31:31,798 steam_api:17 [INFO] Steam API Service initialized
2019-11-18 14:31:50,450 steam_api:32 [DEBUG] Called with args: Terarria
2019-11-18 14:31:51,621 steam_api:34 [DEBUG] Id for game: None
2019-11-18 14:31:52,189 steam_api:39 [DEBUG] %d format: a number is required, not NoneType
2019-11-18 14:31:52,190 steam_api:40 [INFO] Game with this name doesn't exists in Steam
2019-11-18 14:32:06,404 steam_api:32 [DEBUG] Called with args: Terraria
2019-11-18 14:32:07,306 steam_api:34 [DEBUG] Id for game: 105600
2019-11-18 14:32:07,896 steam_api:44 [INFO] Game found. id: 105600, name: "Terraria"
2019-11-18 14:42:45,255 steam_api:17 [INFO] Steam API Service initialized
2019-11-18 14:42:55,809 steam_api:32 [DEBUG] Called with args:   
2019-11-18 14:43:01,500 steam_api:34 [DEBUG] Id for game: None
2019-11-18 14:43:02,107 steam_api:39 [DEBUG] %d format: a number is required, not NoneType
2019-11-18 14:43:02,108 steam_api:40 [INFO] Game with this name doesn't exists in Steam
2019-11-18 14:43:23,525 steam_api:17 [INFO] Steam API Service initialized
2019-11-18 14:43:34,988 steam_api:32 [DEBUG] Called with args:   
2019-11-18 14:43:35,916 steam_api:34 [DEBUG] Id for game: None
2019-11-18 14:43:36,455 steam_api:39 [DEBUG] %d format: a number is required, not NoneType
2019-11-18 14:43:36,455 steam_api:40 [INFO] Game with this name doesn't exists in Steam
2019-11-18 14:46:03,943 steam_api:17 [INFO] Steam API Service initialized
2019-11-18 14:46:09,417 steam_api:32 [DEBUG] Called with args: 
2019-11-18 14:46:10,355 steam_api:34 [DEBUG] Id for game: None
2019-11-18 14:46:10,897 steam_api:39 [DEBUG] %d format: a number is required, not NoneType
2019-11-18 14:46:10,898 steam_api:40 [INFO] Game with this name doesn't exists in Steam
2019-11-18 14:46:27,098 steam_api:17 [INFO] Steam API Service initialized
2019-11-18 14:46:28,409 steam_api:32 [DEBUG] Called with args: 
2019-11-18 14:46:29,609 steam_api:34 [DEBUG] Id for game: None
2019-11-18 14:46:30,200 steam_api:39 [DEBUG] %d format: a number is required, not NoneType
2019-11-18 14:46:30,201 steam_api:40 [INFO] Game with this name doesn't exists in Steam
2019-11-18 14:47:03,621 steam_api:17 [INFO] Steam API Service initialized
2019-11-18 14:47:04,294 steam_api:32 [DEBUG] Called with args: GTA V 
2019-11-18 14:47:05,214 steam_api:34 [DEBUG] Id for game: None
2019-11-18 14:47:05,777 steam_api:39 [DEBUG] %d format: a number is required, not NoneType
2019-11-18 14:47:05,777 steam_api:40 [INFO] Game with this name doesn't exists in Steam
2019-11-18 14:48:05,453 steam_api:17 [INFO] Steam API Service initialized
2019-11-18 14:48:13,415 steam_api:32 [DEBUG] Called with args: GTA V
2019-11-18 14:48:14,460 steam_api:34 [DEBUG] Id for game: None
2019-11-18 14:48:15,156 steam_api:39 [DEBUG] %d format: a number is required, not NoneType
2019-11-18 14:48:15,157 steam_api:40 [INFO] Game with this name doesn't exists in Steam
2019-11-18 14:48:44,858 steam_api:32 [DEBUG] Called with args: Grand Theft Auto V
2019-11-18 14:48:46,038 steam_api:34 [DEBUG] Id for game: 362003
2019-11-18 14:49:32,959 steam_api:17 [INFO] Steam API Service initialized
2019-11-18 14:49:38,885 steam_api:32 [DEBUG] Called with args: Grand Theft Auto V
2019-11-18 14:49:39,847 steam_api:34 [DEBUG] Id for game: 362003
2019-11-18 14:50:25,301 steam_api:17 [INFO] Steam API Service initialized
2019-11-18 14:50:33,247 steam_api:32 [DEBUG] Called with args: Terraria
2019-11-18 14:50:34,178 steam_api:34 [DEBUG] Id for game: 105600
2019-11-18 14:50:34,843 steam_api:44 [INFO] Game found. id: 105600, name: "Terraria"
2019-11-18 14:50:51,943 steam_api:17 [INFO] Steam API Service initialized
2019-11-18 14:51:08,324 steam_api:32 [DEBUG] Called with args: Grand Theft Auto V
2019-11-18 14:51:09,392 steam_api:34 [DEBUG] Id for game: 271590
2019-11-18 14:51:56,833 steam_api:44 [INFO] Game found. id: 271590, name: "Grand Theft Auto V"
2019-11-18 14:52:04,649 steam_api:17 [INFO] Steam API Service initialized
2019-11-18 14:52:08,131 steam_api:32 [DEBUG] Called with args: Grand Theft Auto V
2019-11-18 14:52:09,045 steam_api:34 [DEBUG] Id for game: 271590
2019-11-18 14:52:09,589 steam_api:44 [INFO] Game found. id: 271590, name: "Grand Theft Auto V"
2019-11-18 14:52:23,323 steam_api:17 [INFO] Steam API Service initialized
2019-11-18 14:52:32,608 steam_api:32 [DEBUG] Called with args: Grand Theft Auto V
2019-11-18 14:52:33,464 steam_api:34 [DEBUG] Id for game: 271590
2019-11-18 14:52:34,156 steam_api:44 [INFO] Game found. id: 271590, name: "Grand Theft Auto V"
2019-11-18 14:55:52,628 steam_api:17 [INFO] Steam API Service initialized
2019-11-18 14:56:00,148 steam_api:32 [DEBUG] Called with args: Grand Theft Auto V
2019-11-18 14:56:01,069 steam_api:34 [DEBUG] Id for game: 271590
2019-11-18 14:56:01,690 steam_api:44 [INFO] Game found. id: 271590, name: "Grand Theft Auto V"
2019-11-18 15:02:16,176 steam_api:17 [INFO] Steam API Service initialized
2019-11-18 15:02:31,527 steam_api:32 [DEBUG] Called with args: Grant Theft Auto V
2019-11-18 15:02:32,628 steam_api:34 [DEBUG] Id for game: None
2019-11-18 15:02:33,247 steam_api:39 [DEBUG] %d format: a number is required, not NoneType
2019-11-18 15:02:33,247 steam_api:40 [INFO] Game with this name doesn't exists in Steam
2019-11-18 15:02:47,122 steam_api:32 [DEBUG] Called with args: Grand Theft Auto V
2019-11-18 15:02:48,051 steam_api:34 [DEBUG] Id for game: 362003
2019-11-18 15:02:52,883 steam_api:32 [DEBUG] Called with args: Grand Theft Auto V
2019-11-18 15:02:53,897 steam_api:34 [DEBUG] Id for game: 271590
2019-11-18 15:02:54,557 steam_api:44 [INFO] Game found. id: 271590, name: "Grand Theft Auto V"
2019-11-18 15:03:31,022 steam_api:17 [INFO] Steam API Service initialized
2019-11-18 15:04:04,090 steam_api:32 [DEBUG] Called with args: Grand Theft Auto V
2019-11-18 15:04:06,591 steam_api:34 [DEBUG] Id for game: 362003
2019-11-18 15:04:17,570 steam_api:32 [DEBUG] Called with args: Grand Theft Auto V
2019-11-18 15:04:18,945 steam_api:34 [DEBUG] Id for game: 362003
2019-11-18 15:04:20,748 steam_api:32 [DEBUG] Called with args: Grand Theft Auto V
2019-11-18 15:04:21,796 steam_api:34 [DEBUG] Id for game: 362003
2019-11-18 15:04:22,343 steam_api:32 [DEBUG] Called with args: Grand Theft Auto V
2019-11-18 15:04:23,154 steam_api:34 [DEBUG] Id for game: 362003
2019-11-18 15:04:23,724 steam_api:32 [DEBUG] Called with args: Grand Theft Auto V
2019-11-18 15:04:24,560 steam_api:34 [DEBUG] Id for game: 362003
2019-11-18 15:04:25,140 steam_api:32 [DEBUG] Called with args: Grand Theft Auto V
2019-11-18 15:04:25,891 steam_api:34 [DEBUG] Id for game: 362003
2019-11-18 15:06:38,504 steam_api:17 [INFO] Steam API Service initialized
2019-11-18 15:06:52,951 steam_api:34 [DEBUG] Called with args: Grand THeft Auto V
2019-11-18 15:06:54,049 steam_api:36 [DEBUG] Id for game: None
2019-11-18 15:06:54,050 steam_api:41 [DEBUG] must be str, not NoneType
2019-11-18 15:06:54,051 steam_api:42 [INFO] Game with this name doesn't exists in Steam
2019-11-18 15:07:56,884 steam_api:17 [INFO] Steam API Service initialized
2019-11-18 15:08:19,798 steam_api:17 [INFO] Steam API Service initialized
2019-11-18 15:08:29,217 steam_api:17 [INFO] Steam API Service initialized
2019-11-18 15:08:32,680 steam_api:34 [DEBUG] Called with args: grand theft auto v
2019-11-18 15:08:33,508 steam_api:36 [DEBUG] Id for game: None
2019-11-18 15:08:33,510 steam_api:41 [DEBUG] must be str, not NoneType
2019-11-18 15:08:33,512 steam_api:42 [INFO] Game with this name doesn't exists in Steam
2019-11-18 15:09:34,310 steam_api:17 [INFO] Steam API Service initialized
2019-11-18 15:09:36,321 steam_api:34 [DEBUG] Called with args: Grand THeft Auto V
2019-11-18 15:09:37,121 steam_api:36 [DEBUG] Id for game: 362003
2019-11-18 15:09:37,122 steam_api:41 [DEBUG] must be str, not int
2019-11-18 15:09:37,122 steam_api:42 [INFO] Game with this name doesn't exists in Steam
2019-11-18 15:09:43,664 steam_api:34 [DEBUG] Called with args: Grand THeft Auto V
2019-11-18 15:09:45,209 steam_api:36 [DEBUG] Id for game: 271590
2019-11-18 15:09:45,210 steam_api:41 [DEBUG] must be str, not int
2019-11-18 15:09:45,210 steam_api:42 [INFO] Game with this name doesn't exists in Steam
2019-11-18 15:11:26,502 steam_api:17 [INFO] Steam API Service initialized
2019-11-18 15:11:28,628 steam_api:34 [DEBUG] Called with args: Grand THeft Auto V
2019-11-18 15:11:29,665 steam_api:36 [DEBUG] Id for game: 362003
2019-11-18 15:11:29,667 steam_api:41 [DEBUG] must be str, not int
2019-11-18 15:11:29,667 steam_api:42 [INFO] Game with this name doesn't exists in Steam
2019-11-18 15:12:33,162 steam_api:17 [INFO] Steam API Service initialized
2019-11-18 15:12:39,144 steam_api:34 [DEBUG] Called with args: Grand THeft Auto V
2019-11-18 15:12:39,991 steam_api:36 [DEBUG] Id for game: 362003
2019-11-18 15:12:39,991 steam_api:42 [DEBUG] must be str, not int
2019-11-18 15:12:39,992 steam_api:43 [INFO] Game with this name doesn't exists in Steam
2019-11-18 15:13:15,097 steam_api:17 [INFO] Steam API Service initialized
2019-11-18 15:13:15,799 steam_api:34 [DEBUG] Called with args: Grand THeft Auto V
2019-11-18 15:13:16,665 steam_api:36 [DEBUG] Id for game: 271590
2019-11-18 15:13:16,668 steam_api:42 [DEBUG] must be str, not int
2019-11-18 15:13:16,671 steam_api:43 [INFO] Game with this name doesn't exists in Steam
2019-11-18 15:13:53,393 steam_api:17 [INFO] Steam API Service initialized
2019-11-18 15:13:55,473 steam_api:34 [DEBUG] Called with args: Grand THeft Auto V
2019-11-18 15:13:56,373 steam_api:36 [DEBUG] Id for game: 271590
2019-11-18 15:13:56,374 steam_api:42 [DEBUG] must be str, not int
2019-11-18 15:13:56,374 steam_api:43 [INFO] Game with this name doesn't exists in Steam
2019-11-18 15:14:07,955 steam_api:17 [INFO] Steam API Service initialized
2019-11-18 15:14:09,697 steam_api:34 [DEBUG] Called with args: Grand THeft Auto V
2019-11-18 15:14:10,566 steam_api:36 [DEBUG] Id for game: 271590
2019-11-18 15:14:10,568 steam_api:42 [DEBUG] must be str, not int
2019-11-18 15:14:10,570 steam_api:43 [INFO] Game with this name doesn't exists in Steam
2019-11-18 15:15:00,898 steam_api:17 [INFO] Steam API Service initialized
2019-11-18 15:15:03,694 steam_api:34 [DEBUG] Called with args: Grand THeft Auto V
2019-11-18 15:15:04,563 steam_api:36 [DEBUG] Id for game: 271590
2019-11-18 15:15:04,565 steam_api:42 [DEBUG] must be str, not int
2019-11-18 15:15:04,566 steam_api:43 [INFO] Game with this name doesn't exists in Steam
2019-11-18 15:15:33,223 steam_api:17 [INFO] Steam API Service initialized
2019-11-18 15:15:33,778 steam_api:34 [DEBUG] Called with args: Grand THeft Auto V
2019-11-18 15:15:34,661 steam_api:36 [DEBUG] Id for game: 271590
2019-11-18 15:15:34,663 steam_api:28 [DEBUG] App details request for id: 271590 sended
2019-11-18 15:15:35,303 steam_api:30 [DEBUG] App details responce for id: 271590 received
2019-11-18 15:15:35,303 steam_api:46 [INFO] Game found. id: 271590, name: "Grand THeft Auto V"
2019-11-18 15:16:13,945 steam_api:17 [INFO] Steam API Service initialized
2019-11-18 15:16:21,306 steam_api:32 [DEBUG] Called with args: Grand THeft Auto V
2019-11-18 15:16:26,877 steam_api:34 [DEBUG] Id for game: 271590
2019-11-18 15:16:47,364 steam_api:44 [INFO] Game found. id: 271590, name: "Grand THeft Auto V"
2019-11-18 15:16:52,084 steam_api:17 [INFO] Steam API Service initialized
2019-11-18 15:16:53,493 steam_api:32 [DEBUG] Called with args: Grand THeft Auto V
2019-11-18 15:16:54,345 steam_api:34 [DEBUG] Id for game: 271590
2019-11-18 15:16:54,953 steam_api:44 [INFO] Game found. id: 271590, name: "Grand THeft Auto V"
2019-11-18 15:17:43,472 steam_api:17 [INFO] Steam API Service initialized
2019-11-18 15:18:06,987 steam_api:32 [DEBUG] Called with args: Grand THeft Auto V
2019-11-18 15:18:09,730 steam_api:34 [DEBUG] Id for game: 271590
2019-11-18 15:18:13,294 steam_api:44 [INFO] Game found. id: 271590, name: "Grand THeft Auto V"
2019-11-18 15:18:34,913 steam_api:17 [INFO] Steam API Service initialized
2019-11-18 15:18:42,205 steam_api:32 [DEBUG] Called with args: Grand THeft Auto V
2019-11-18 15:18:52,343 steam_api:34 [DEBUG] Id for game: 271590
2019-11-18 15:18:54,639 steam_api:44 [INFO] Game found. id: 271590, name: "Grand THeft Auto V"
2019-11-18 15:19:15,172 steam_api:17 [INFO] Steam API Service initialized
2019-11-18 15:19:17,130 steam_api:32 [DEBUG] Called with args: Grand THeft Auto V
2019-11-18 15:19:18,039 steam_api:34 [DEBUG] Id for game: 271590
2019-11-18 15:19:18,744 steam_api:44 [INFO] Game found. id: 271590, name: "Grand THeft Auto V"
2019-11-18 15:19:32,264 steam_api:17 [INFO] Steam API Service initialized
2019-11-18 15:19:33,246 steam_api:32 [DEBUG] Called with args: Grand THeft Auto V
2019-11-18 15:19:34,195 steam_api:34 [DEBUG] Id for game: 271590
2019-11-18 15:19:34,703 steam_api:44 [INFO] Game found. id: 271590, name: "Grand THeft Auto V"
2019-11-18 15:19:45,883 steam_api:17 [INFO] Steam API Service initialized
2019-11-18 15:19:49,996 steam_api:32 [DEBUG] Called with args: Grand THeft Auto V
2019-11-18 15:19:52,301 steam_api:34 [DEBUG] Id for game: 271590
2019-11-18 15:19:52,943 steam_api:44 [INFO] Game found. id: 271590, name: "Grand THeft Auto V"
2019-11-18 15:20:09,894 steam_api:17 [INFO] Steam API Service initialized
2019-11-18 15:20:12,362 steam_api:32 [DEBUG] Called with args: Grand THeft Auto V
2019-11-18 15:20:13,414 steam_api:34 [DEBUG] Id for game: 362003
2019-11-18 15:20:24,400 steam_api:32 [DEBUG] Called with args: Grand THeft Auto V
2019-11-18 15:20:25,283 steam_api:34 [DEBUG] Id for game: 271590
2019-11-18 15:20:25,910 steam_api:44 [INFO] Game found. id: 271590, name: "Grand THeft Auto V"
2019-11-18 15:21:32,939 steam_api:17 [INFO] Steam API Service initialized
2019-11-18 15:21:33,843 steam_api:32 [DEBUG] Called with args: Grand THeft Auto V
2019-11-18 15:21:34,798 steam_api:34 [DEBUG] Id for game: 271590
2019-11-18 15:21:35,799 steam_api:44 [INFO] Game found. id: 271590, name: "Grand THeft Auto V"
2019-11-18 15:21:49,222 steam_api:17 [INFO] Steam API Service initialized
2019-11-18 15:21:58,505 steam_api:32 [DEBUG] Called with args: Grand THeft Auto V
2019-11-18 15:21:59,486 steam_api:34 [DEBUG] Id for game: 271590
2019-11-18 15:22:00,182 steam_api:44 [INFO] Game found. id: 271590, name: "Grand THeft Auto V"
2019-11-18 15:22:20,831 steam_api:17 [INFO] Steam API Service initialized
2019-11-18 15:22:21,483 steam_api:32 [DEBUG] Called with args: Grand THeft Auto V
2019-11-18 15:22:22,419 steam_api:34 [DEBUG] Id for game: 362003
2019-11-18 15:22:26,262 steam_api:32 [DEBUG] Called with args: Grand THeft Auto V
2019-11-18 15:22:27,183 steam_api:34 [DEBUG] Id for game: 271590
2019-11-18 15:22:27,808 steam_api:44 [INFO] Game found. id: 271590, name: "Grand THeft Auto V"
2019-11-18 15:23:15,964 steam_api:17 [INFO] Steam API Service initialized
2019-11-18 15:23:16,517 steam_api:32 [DEBUG] Called with args: Grand THeft Auto V
2019-11-18 15:23:17,455 steam_api:34 [DEBUG] Id for game: 362003
2019-11-18 15:23:18,328 steam_api:32 [DEBUG] Called with args: Grand THeft Auto V
2019-11-18 15:23:19,259 steam_api:34 [DEBUG] Id for game: 271590
2019-11-18 15:23:20,016 steam_api:44 [INFO] Game found. id: 271590, name: "Grand THeft Auto V"
2019-11-18 15:25:13,835 steam_api:17 [INFO] Steam API Service initialized
2019-11-18 15:26:49,196 steam_api:17 [INFO] Steam API Service initialized
2019-11-18 15:27:14,971 steam_api:17 [INFO] Steam API Service initialized
2019-11-18 15:27:41,327 steam_api:17 [INFO] Steam API Service initialized
2019-11-18 15:27:59,381 steam_api:17 [INFO] Steam API Service initialized
2019-11-18 15:29:52,743 steam_api:17 [INFO] Steam API Service initialized
2019-11-18 15:30:09,387 steam_api:17 [INFO] Steam API Service initialized
2019-11-18 15:32:27,473 steam_api:17 [INFO] Steam API Service initialized
2019-11-18 15:34:57,433 steam_api:17 [INFO] Steam API Service initialized
2019-11-18 15:35:23,393 steam_api:17 [INFO] Steam API Service initialized
2019-11-18 15:35:45,392 steam_api:17 [INFO] Steam API Service initialized
2019-11-18 15:36:28,792 steam_api:17 [INFO] Steam API Service initialized
2019-11-18 15:36:48,851 steam_api:17 [INFO] Steam API Service initialized
2019-11-18 15:37:31,272 steam_api:17 [INFO] Steam API Service initialized
2019-11-18 15:42:56,678 steam_api:17 [INFO] Steam API Service initialized
2019-11-18 15:43:38,263 steam_api:17 [INFO] Steam API Service initialized
2019-11-18 15:47:52,642 steam_api:17 [INFO] Steam API Service initialized
2019-11-18 15:50:01,736 steam_api:17 [INFO] Steam API Service initialized
2019-11-18 15:51:47,226 steam_api:17 [INFO] Steam API Service initialized
2019-11-18 15:52:38,304 steam_api:17 [INFO] Steam API Service initialized
2019-11-18 15:53:08,451 steam_api:17 [INFO] Steam API Service initialized
2019-11-18 15:53:21,668 steam_api:17 [INFO] Steam API Service initialized
2019-11-18 15:55:27,768 steam_api:17 [INFO] Steam API Service initialized
2019-11-18 15:56:59,271 steam_api:17 [INFO] Steam API Service initialized
2019-11-18 15:57:50,880 steam_api:17 [INFO] Steam API Service initialized
2019-11-18 15:58:31,085 steam_api:17 [INFO] Steam API Service initialized
2019-11-18 15:58:49,963 steam_api:32 [DEBUG] Called with args: Grand Theft Auto V
2019-11-18 15:58:52,343 steam_api:34 [DEBUG] Id for game: 362003
2019-11-18 15:59:15,150 steam_api:32 [DEBUG] Called with args: Grand Theft Auto V\
2019-11-18 15:59:16,040 steam_api:34 [DEBUG] Id for game: None
2019-11-18 15:59:16,866 steam_api:39 [DEBUG] %d format: a number is required, not NoneType
2019-11-18 15:59:16,867 steam_api:40 [INFO] Game with this name doesn't exists in Steam
2019-11-18 15:59:17,003 steam_api:32 [DEBUG] Called with args: Grand Theft Auto V
2019-11-18 15:59:17,887 steam_api:34 [DEBUG] Id for game: 362003
2019-11-18 15:59:20,599 steam_api:32 [DEBUG] Called with args: Grand Theft Auto V
2019-11-18 15:59:21,741 steam_api:34 [DEBUG] Id for game: 362003
2019-11-18 15:59:51,300 steam_api:32 [DEBUG] Called with args: Grand Theft Auto V
2019-11-18 15:59:52,534 steam_api:34 [DEBUG] Id for game: 362003
2019-11-18 16:00:00,215 steam_api:32 [DEBUG] Called with args: Grand Theft Auto V
2019-11-18 16:00:01,119 steam_api:34 [DEBUG] Id for game: 362003
2019-11-18 16:00:51,404 steam_api:17 [INFO] Steam API Service initialized
2019-11-18 16:00:54,816 steam_api:32 [DEBUG] Called with args: Grand Theft Auto V
2019-11-18 16:00:59,781 steam_api:34 [DEBUG] Id for game: 362003
2019-11-18 16:03:34,505 steam_api:17 [INFO] Steam API Service initialized
2019-11-18 16:03:38,928 steam_api:32 [DEBUG] Called with args: Grand Theft Auto V
2019-11-18 16:03:39,937 steam_api:34 [DEBUG] Id for game: 362003
2019-11-18 16:03:50,669 steam_api:17 [INFO] Steam API Service initialized
2019-11-18 16:03:55,235 steam_api:32 [DEBUG] Called with args: Grand Theft Auto V
2019-11-18 16:03:56,129 steam_api:34 [DEBUG] Id for game: 362003
2019-11-18 16:04:11,758 steam_api:17 [INFO] Steam API Service initialized
2019-11-18 16:04:14,158 steam_api:32 [DEBUG] Called with args: Grand Theft Auto V
2019-11-18 16:04:17,783 steam_api:34 [DEBUG] Id for game: 362003
2019-11-18 16:05:14,844 steam_api:17 [INFO] Steam API Service initialized
2019-11-18 16:05:19,330 steam_api:32 [DEBUG] Called with args: Grand Theft Auto V
2019-11-18 16:05:20,435 steam_api:34 [DEBUG] Id for game: 362003
2019-11-18 16:05:20,974 steam_api:43 [DEBUG] 'data'
2019-11-18 16:05:20,974 steam_api:44 [INFO] Game with this name doesn't exists in Steam
2019-11-18 16:06:38,763 steam_api:17 [INFO] Steam API Service initialized
2019-11-18 16:06:40,037 steam_api:32 [DEBUG] Called with args: Grand Theft Auto V
2019-11-18 16:06:47,370 steam_api:34 [DEBUG] Id for game: 362003
2019-11-18 16:07:00,353 steam_api:44 [DEBUG] 'data'
2019-11-18 16:07:10,520 steam_api:45 [INFO] Game with this name doesn't exists in Steam
2019-11-18 16:08:11,228 steam_api:17 [INFO] Steam API Service initialized
2019-11-18 16:08:12,816 steam_api:32 [DEBUG] Called with args: Grand Theft Auto V
2019-11-18 16:10:05,794 steam_api:34 [DEBUG] Id for game: 362003
2019-11-18 16:21:02,727 steam_api:17 [INFO] Steam API Service initialized
2019-11-18 16:21:12,459 steam_api:32 [DEBUG] Called with args: Grand Theft Auto V
2019-11-18 16:21:44,219 steam_api:17 [INFO] Steam API Service initialized
2019-11-18 16:21:47,875 steam_api:32 [DEBUG] Called with args: Grand Theft Auto V
2019-11-18 16:22:02,504 steam_api:17 [INFO] Steam API Service initialized
2019-11-18 16:22:04,260 steam_api:32 [DEBUG] Called with args: Grand Theft Auto V
2019-11-18 16:22:06,699 steam_api:34 [DEBUG] Id for game: None
2019-11-18 16:22:07,244 steam_api:39 [DEBUG] %d format: a number is required, not NoneType
2019-11-18 16:22:07,245 steam_api:40 [INFO] Game with this name doesn't exists in Steam
2019-11-18 16:23:58,270 steam_api:17 [INFO] Steam API Service initialized
2019-11-18 16:24:04,393 steam_api:32 [DEBUG] Called with args: Grand Theft Auto V
2019-11-18 16:24:44,782 steam_api:17 [INFO] Steam API Service initialized
2019-11-18 16:24:47,059 steam_api:32 [DEBUG] Called with args: Grand Theft Auto V
2019-11-18 16:24:47,060 steam_api:34 [DEBUG] Id for game: 362003
2019-11-18 16:24:58,126 steam_api:17 [INFO] Steam API Service initialized
2019-11-18 16:24:58,648 steam_api:32 [DEBUG] Called with args: Grand Theft Auto V
2019-11-18 16:24:58,648 steam_api:34 [DEBUG] Id for game: 362003
2019-11-18 16:25:48,033 steam_api:17 [INFO] Steam API Service initialized
2019-11-18 16:25:54,407 steam_api:32 [DEBUG] Called with args: Grand Theft Auto V
2019-11-18 16:25:54,411 steam_api:34 [DEBUG] Id for game: 362003
2019-11-18 16:27:17,538 steam_api:17 [INFO] Steam API Service initialized
2019-11-18 16:27:28,975 steam_api:34 [DEBUG] Called with args: Grand Theft Auto V
2019-11-18 16:27:43,284 steam_api:17 [INFO] Steam API Service initialized
2019-11-18 16:27:43,814 steam_api:34 [DEBUG] Called with args: Grand Theft Auto V
2019-11-18 16:27:53,666 steam_api:17 [INFO] Steam API Service initialized
2019-11-18 16:27:54,201 steam_api:34 [DEBUG] Called with args: Grand Theft Auto V
2019-11-18 16:28:01,801 steam_api:36 [DEBUG] Id for game: None
2019-11-18 16:28:02,365 steam_api:41 [DEBUG] %d format: a number is required, not NoneType
2019-11-18 16:28:02,365 steam_api:42 [INFO] Game with this name doesn't exists in Steam
2019-11-18 16:29:52,867 steam_api:29 [INFO] Steam API Service initialized
2019-11-18 16:30:09,980 steam_api:47 [DEBUG] Called with args: Grand Theft Auto V
2019-11-18 16:30:12,053 steam_api:49 [DEBUG] Id for game: None
2019-11-18 16:30:12,621 steam_api:54 [DEBUG] %d format: a number is required, not NoneType
2019-11-18 16:30:12,623 steam_api:55 [INFO] Game with this name doesn't exists in Steam
2019-11-18 16:31:45,805 steam_api:29 [INFO] Steam API Service initialized
2019-11-18 16:31:56,087 steam_api:47 [DEBUG] Called with args: Grand Theft Auto V
2019-11-18 16:32:30,563 steam_api:29 [INFO] Steam API Service initialized
2019-11-18 16:32:34,608 steam_api:47 [DEBUG] Called with args: Grand Theft Auto V
2019-11-18 16:32:36,616 steam_api:49 [DEBUG] Id for game: None
2019-11-18 16:32:37,175 steam_api:54 [DEBUG] %d format: a number is required, not NoneType
2019-11-18 16:32:37,175 steam_api:55 [INFO] Game with this name doesn't exists in Steam
2019-11-18 16:32:59,084 steam_api:29 [INFO] Steam API Service initialized
2019-11-18 16:32:59,611 steam_api:47 [DEBUG] Called with args: Grand Theft Auto V
2019-11-18 16:33:01,702 steam_api:49 [DEBUG] Id for game: None
2019-11-18 16:33:02,248 steam_api:54 [DEBUG] %d format: a number is required, not NoneType
2019-11-18 16:33:02,251 steam_api:55 [INFO] Game with this name doesn't exists in Steam
2019-11-18 16:35:33,025 steam_api:29 [INFO] Steam API Service initialized
2019-11-18 16:35:35,828 steam_api:47 [DEBUG] Called with args: Grand Theft Auto V
2019-11-18 16:35:38,071 steam_api:50 [DEBUG] Id for game: 271590
2019-11-18 16:36:00,457 steam_api:29 [INFO] Steam API Service initialized
2019-11-18 16:36:01,869 steam_api:47 [DEBUG] Called with args: Grand Theft Auto V
2019-11-18 16:36:25,315 steam_api:29 [INFO] Steam API Service initialized
2019-11-18 16:36:26,911 steam_api:47 [DEBUG] Called with args: Grand Theft Auto V
2019-11-18 16:36:29,535 steam_api:50 [DEBUG] Id for game: 271590
2019-11-18 16:36:29,537 steam_api:58 [INFO] Game found. id: 271590, name: "Grand Theft Auto V"
2019-11-18 16:36:40,033 steam_api:47 [DEBUG] Called with args: Terraia
2019-11-18 16:36:40,869 steam_api:53 [DEBUG] 'NoneType' object is not iterable
2019-11-18 16:36:40,871 steam_api:54 [INFO] Game with this name doesn't exists in Steam
2019-11-18 16:36:45,312 steam_api:47 [DEBUG] Called with args: Terraria
2019-11-18 16:36:46,840 steam_api:50 [DEBUG] Id for game: 105600
2019-11-18 16:36:46,842 steam_api:58 [INFO] Game found. id: 105600, name: "Terraria"
2019-11-18 16:37:24,962 steam_api:47 [DEBUG] Called with args: Supraland
2019-11-18 16:37:26,581 steam_api:50 [DEBUG] Id for game: 813630
2019-11-18 16:37:26,581 steam_api:58 [INFO] Game found. id: 813630, name: "Supraland"
2019-11-18 16:38:14,023 steam_api:29 [INFO] Steam API Service initialized
2019-11-18 16:38:23,682 steam_api:47 [DEBUG] Called with args: Supraland
2019-11-18 16:38:25,119 steam_api:50 [DEBUG] Id for game: 813630
2019-11-18 16:38:25,120 steam_api:58 [INFO] Game found. id: 813630, name: "Supraland"
2019-11-18 16:38:37,555 steam_api:29 [INFO] Steam API Service initialized
2019-11-18 16:38:45,199 steam_api:29 [INFO] Steam API Service initialized
2019-11-18 16:39:01,167 steam_api:47 [DEBUG] Called with args: Supraland
2019-11-18 16:39:14,691 steam_api:50 [DEBUG] Id for game: 813630
2019-11-18 16:39:24,651 steam_api:58 [INFO] Game found. id: 813630, name: "Supraland"
2019-11-18 16:41:25,689 steam_api:29 [INFO] Steam API Service initialized
2019-11-18 16:41:30,349 steam_api:47 [DEBUG] Called with args: Supraland
2019-11-18 16:41:31,821 steam_api:50 [DEBUG] Id for game: 813630
2019-11-18 16:41:31,824 steam_api:58 [INFO] Game found. id: 813630, name: "Supraland"
2019-11-18 16:42:51,952 steam_api:29 [INFO] Steam API Service initialized
2019-11-18 16:42:56,168 steam_api:47 [DEBUG] Called with args: Supraland
2019-11-18 16:42:57,705 steam_api:50 [DEBUG] Id for game: 813630
2019-11-18 16:42:57,706 steam_api:58 [INFO] Game found. id: 813630, name: "Supraland"
2019-11-18 16:43:59,375 steam_api:29 [INFO] Steam API Service initialized
2019-11-18 16:44:00,066 steam_api:47 [DEBUG] Called with args: Supraland
2019-11-18 16:44:01,410 steam_api:50 [DEBUG] Id for game: 813630
2019-11-18 16:44:01,411 steam_api:58 [INFO] Game found. id: 813630, name: "Supraland"
2019-11-18 16:44:29,725 steam_api:29 [INFO] Steam API Service initialized
2019-11-18 16:46:08,184 steam_api:47 [DEBUG] Called with args: Grand Theft Auto V
2019-11-18 16:46:10,644 steam_api:50 [DEBUG] Id for game: 271590
2019-11-18 16:46:10,647 steam_api:58 [INFO] Game found. id: 271590, name: "Grand Theft Auto V"
2019-11-18 16:46:37,620 steam_api:47 [DEBUG] Called with args: Supraland
2019-11-18 16:46:39,215 steam_api:50 [DEBUG] Id for game: 813630
2019-11-18 16:46:39,216 steam_api:58 [INFO] Game found. id: 813630, name: "Supraland"
